<?xml version="1.0" encoding="UTF-8"?>
<!-- Generated by org.testng.reporters.JUnitReportReporter -->
<testsuite hostname="DESKTOP-ME5PIFD" failures="0" tests="3" name="sample_Repo.Program1" time="0.057" errors="0" timestamp="2024-07-22T15:37:34 IST" skipped="0">
  <testcase classname="sample_Repo.Program1" name="createUser" time="0.020"/>
  <system-out/>
  <testcase classname="sample_Repo.Program1" name="modifyUser" time="0.026"/>
  <system-out/>
  <testcase classname="sample_Repo.Program1" name="deleteUser" time="0.011"/>
  <system-out/>
</testsuite> <!-- sample_Repo.Program1 -->
