<?xml version="1.0" encoding="UTF-8"?>
<!-- Generated by org.testng.reporters.JUnitReportReporter -->
<testsuite hostname="DESKTOP-ME5PIFD" failures="0" tests="2" name="sample_Repo.Program4" time="0.027" errors="0" timestamp="2024-07-25T11:58:52 IST" skipped="0">
  <testcase classname="sample_Repo.Program4" name="strictLevelComparison" time="0.005"/>
  <system-out/>
  <testcase classname="sample_Repo.Program4" name="containsLevel" time="0.022"/>
  <system-out/>
</testsuite> <!-- sample_Repo.Program4 -->
